<?xml version="1.0" encoding="UTF-8"?>
<testsuite name="C:/Users/AKHIL/IdeaProjects/APIAutomationRestAssure"
           tests="2"
           failures="0"
           errors="0"
           skipped="0"
           time="0.015">
    <properties></properties>



            <testcase
                name="RegRun"
                time="0.012"
                classname="com.TheTestingAcademy.testng.Test007">
            </testcase>
            <testcase
                name="sanityRun"
                time="0.003"
                classname="com.TheTestingAcademy.testng.Test007">
            </testcase>
</testsuite>
