<?xml version="1.0" encoding="UTF-8"?>
<testsuite name="APIAutomationRestAssure"
           tests="2"
           failures="0"
           errors="0"
           skipped="0"
           time="5.919">
    <properties></properties>



            <testcase
                name="testGetAllBookingNegative2"
                time="1.349"
                classname="com.thetestingacademy.tests.crud.GET.GETRequestNonBDDTestNG">
            </testcase>
            <testcase
                name="testGetAllBookingNegative"
                time="4.570"
                classname="com.thetestingacademy.tests.crud.GET.GETRequestNonBDDTestNG">
            </testcase>
</testsuite>
