<?xml version="1.0" encoding="UTF-8"?>
<testsuite name="APIAutomationRestAssure"
           tests="2"
           failures="1"
           errors="0"
           skipped="1"
           time="5.639">
    <properties></properties>

            <testcase
                name="getToken"
                time="5.638"
                classname="com.TheTestingAcademy.testng.Test002">

            <failure type="java.lang.IllegalArgumentException" message="Path cannot be null">
                <![CDATA[java.lang.IllegalArgumentException: Path cannot be null
                java.base/jdk.internal.reflect.DirectConstructorHandleAccessor.newInstance(DirectConstructorHandleAccessor.java:62)java.base/java.lang.reflect.Constructor.newInstanceWithCaller(Constructor.java:502)java.base/java.lang.reflect.Constructor.newInstance(Constructor.java:486)org.codehaus.groovy.reflection.CachedConstructor.invoke(CachedConstructor.java:73)org.codehaus.groovy.reflection.CachedConstructor.doConstructorInvoke(CachedConstructor.java:60)org.codehaus.groovy.runtime.callsite.ConstructorSite$ConstructorSiteNoUnwrap.callConstructor(ConstructorSite.java:86)org.codehaus.groovy.runtime.callsite.CallSiteArray.defaultCallConstructor(CallSiteArray.java:57)org.codehaus.groovy.runtime.callsite.AbstractCallSite.callConstructor(AbstractCallSite.java:263)org.codehaus.groovy.runtime.callsite.AbstractCallSite.callConstructor(AbstractCallSite.java:277)io.restassured.internal.common.assertion.AssertParameter.notNull(AssertParameter.groovy:26)io.restassured.internal.common.assertion.AssertParameter$notNull.callStatic(Unknown Source)org.codehaus.groovy.runtime.callsite.CallSiteArray.defaultCallStatic(CallSiteArray.java:53)org.codehaus.groovy.runtime.callsite.AbstractCallSite.callStatic(AbstractCallSite.java:217)org.codehaus.groovy.runtime.callsite.AbstractCallSite.callStatic(AbstractCallSite.java:240)io.restassured.internal.RestAssuredResponseOptionsGroovyImpl.path(RestAssuredResponseOptionsGroovyImpl.groovy:399)io.restassured.internal.RestAssuredResponseOptionsImpl.path(RestAssuredResponseOptionsImpl.java:230)com.TheTestingAcademy.testng.Test002.getToken(Test002.java:41)java.base/jdk.internal.reflect.DirectMethodHandleAccessor.invoke(DirectMethodHandleAccessor.java:103)java.base/java.lang.reflect.Method.invoke(Method.java:580)org.testng.internal.invokers.MethodInvocationHelper.invokeMethod(MethodInvocationHelper.java:139)org.testng.internal.invokers.MethodInvocationHelper.invokeMethodConsideringTimeout(MethodInvocationHelper.java:69)org.testng.internal.invokers.ConfigInvoker.invokeConfigurationMethod(ConfigInvoker.java:393)org.testng.internal.invokers.ConfigInvoker.invokeConfigurations(ConfigInvoker.java:326)org.testng.TestRunner.invokeTestConfigurations(TestRunner.java:661)org.testng.TestRunner.beforeRun(TestRunner.java:650)org.testng.TestRunner.run(TestRunner.java:612)org.testng.SuiteRunner.runTest(SuiteRunner.java:443)org.testng.SuiteRunner.runSequentially(SuiteRunner.java:437)org.testng.SuiteRunner.privateRun(SuiteRunner.java:397)org.testng.SuiteRunner.run(SuiteRunner.java:336)org.testng.SuiteRunnerWorker.runSuite(SuiteRunnerWorker.java:52)org.testng.SuiteRunnerWorker.run(SuiteRunnerWorker.java:95)org.testng.TestNG.runSuitesSequentially(TestNG.java:1301)org.testng.TestNG.runSuitesLocally(TestNG.java:1228)org.testng.TestNG.runSuites(TestNG.java:1134)org.testng.TestNG.run(TestNG.java:1101)com.intellij.rt.testng.IDEARemoteTestNG.run(IDEARemoteTestNG.java:66)com.intellij.rt.testng.RemoteTestNGStarter.main(RemoteTestNGStarter.java:105)
]]>
            </failure>
    </testcase>

            <testcase
                name="testNonBDDStylePUTReq"
                time="0.0"
                classname="com.TheTestingAcademy.testng.Test002">
            </testcase>

</testsuite>
